<?xml version="1.0" encoding="UTF-8"?>
<!-- Generated by org.testng.reporters.JUnitReportReporter -->
<testsuite skipped="0" hostname="DESKTOP-JOOE31F" name="com.mag.testcases.LoginTest" tests="1" failures="0" timestamp="09 Nov 2021 03:37:05 GMT" time="5.613" errors="0">
  <testcase name="loginTest" time="5.613" classname="com.mag.testcases.LoginTest"/>
</testsuite> <!-- com.mag.testcases.LoginTest -->
